<?xml version="1.0" encoding="UTF-8"?>
<!-- Generated by org.testng.reporters.JUnitXMLReporter -->
<testsuite ignored="0" hostname="DESKTOP-S7VGT8L" failures="0" tests="26" name="Default test" time="7.904" errors="0" timestamp="2023-08-31T22:55:57 IST">
  <testcase classname="test.FoodieAppApplicationTests" name="register" time="3.25"/>
  <testcase classname="test.FoodieAppApplicationTests" name="login" time="0.089"/>
  <testcase classname="test.FoodieAppApplicationTests" name="login1" time="0.137"/>
  <testcase classname="test.FoodieAppApplicationTests" name="login2" time="0.124"/>
  <testcase classname="test.FoodieAppApplicationTests" name="Rest_Post1" time="0.085"/>
  <testcase classname="test.FoodieAppApplicationTests" name="Rest_Post2" time="0.029"/>
  <testcase classname="test.FoodieAppApplicationTests" name="Rest_Put" time="0.119"/>
  <testcase classname="test.FoodieAppApplicationTests" name="Rest_GetAll" time="0.03"/>
  <testcase classname="test.FoodieAppApplicationTests" name="Rest_GetById" time="1.18"/>
  <testcase classname="test.FoodieAppApplicationTests" name="Rest_Delete" time="0.705"/>
  <testcase classname="test.FoodieAppApplicationTests" name="Rest_Delete1" time="0.051"/>
  <testcase classname="test.FoodieAppApplicationTests" name="Dish_Post1" time="0.19"/>
  <testcase classname="test.FoodieAppApplicationTests" name="Dish_Post2" time="0.086"/>
  <testcase classname="test.FoodieAppApplicationTests" name="Dish_Put" time="0.166"/>
  <testcase classname="test.FoodieAppApplicationTests" name="Dish_GetAll" time="0.036"/>
  <testcase classname="test.FoodieAppApplicationTests" name="Dish_GetById" time="0.1"/>
  <testcase classname="test.FoodieAppApplicationTests" name="Dish_Delete" time="0.199"/>
  <testcase classname="test.FoodieAppApplicationTests" name="Dish_Delete1" time="0.116"/>
  <testcase classname="test.FoodieAppApplicationTests" name="Order_Post1" time="0.21"/>
  <testcase classname="test.FoodieAppApplicationTests" name="Order_Post2" time="0.349"/>
  <testcase classname="test.FoodieAppApplicationTests" name="Order_Put" time="0.079"/>
  <testcase classname="test.FoodieAppApplicationTests" name="Order_GetAll" time="0.124"/>
  <testcase classname="test.FoodieAppApplicationTests" name="Order_GetById" time="0.071"/>
  <testcase classname="test.FoodieAppApplicationTests" name="User_GetByName" time="0.064"/>
  <testcase classname="test.FoodieAppApplicationTests" name="User_GetByCategory" time="0.137"/>
  <testcase classname="test.FoodieAppApplicationTests" name="User_GetByLocation" time="0.034"/>
</testsuite> <!-- Default test -->
